
********************************************************************************
                            Git Achievement Unlocked!                            

                                     Student                                     
       Accessed the documentation for a command with git [command] --help       
********************************************************************************


********************************************************************************
                            Git Achievement Unlocked!                            

                         Apprentice Architect (Level 1)                         
                     Created a new repository with git init.                     
********************************************************************************


********************************************************************************
                            Git Achievement Unlocked!                            

                         Apprentice Collector (Level 1)                         
       Fetches named heads or tags from another repository with git fetch       
********************************************************************************


********************************************************************************
                            Git Achievement Unlocked!                            

                                    Baptised                                    
                     Set global user name using git config.                     
********************************************************************************


********************************************************************************
                            Git Achievement Unlocked!                            

                                    Homeowner                                    
                   Set global email address using git config.                   
********************************************************************************


********************************************************************************
                            Git Achievement Unlocked!                            

                        Apprentice Stone Mason (Level 1)                        
   Added files to the index area for inclusion in the next commit with git add   
********************************************************************************


********************************************************************************
                            Git Achievement Unlocked!                            

                                    Caretaker                                    
                    Added a .gitignore file to a repository.                    
********************************************************************************


********************************************************************************
                            Git Achievement Unlocked!                            

                         Apprentice Socialite (Level 1)                         
              pushed a branch to a remote repository using git push              
********************************************************************************


********************************************************************************
                            Git Achievement Unlocked!                            

                        Apprentice Stone Mason (Level 2)                        
   Added files to the index area for inclusion in the next commit with git add   
********************************************************************************


********************************************************************************
                            Git Achievement Unlocked!                            

                           Apprentice Author (Level 1)                           
                     Made 2^Level commits using git commit.                     
********************************************************************************


********************************************************************************
                            Git Achievement Unlocked!                            

                         Apprentice Historian (Level 2)                         
                    Investigate the commit log using git log.                    
********************************************************************************


********************************************************************************
                            Git Achievement Unlocked!                            

                         Apprentice Historian (Level 3)                         
                    Investigate the commit log using git log.                    
********************************************************************************


********************************************************************************
                            Git Achievement Unlocked!                            

                        Apprentice Stone Mason (Level 3)                        
   Added files to the index area for inclusion in the next commit with git add   
********************************************************************************


********************************************************************************
                            Git Achievement Unlocked!                            

                           Apprentice Author (Level 2)                           
                     Made 2^Level commits using git commit.                     
********************************************************************************


********************************************************************************
                            Git Achievement Unlocked!                            

                         Apprentice Blacksmith (Level 1)                         
                     Created a branch using git checkout -b.                     
********************************************************************************


********************************************************************************
                            Git Achievement Unlocked!                            

                         Apprentice Socialite (Level 2)                         
              pushed a branch to a remote repository using git push              
********************************************************************************

