achievements --help
Date: Tue Mar 16 12:58:03 CDT 2010
achievements -p
Date: Tue Mar 16 12:58:55 CDT 2010
symbolic-ref HEAD
Date: Tue Mar 16 13:03:19 CDT 2010
rev-parse --is-inside-git-dir
Date: Tue Mar 16 13:03:20 CDT 2010
rev-parse --is-inside-work-tree
Date: Tue Mar 16 13:03:21 CDT 2010
s
Date: Tue Mar 16 13:03:30 CDT 2010
symbolic-ref HEAD
Date: Tue Mar 16 13:03:31 CDT 2010
rev-parse --is-inside-git-dir
Date: Tue Mar 16 13:03:32 CDT 2010
rev-parse --is-inside-work-tree
Date: Tue Mar 16 13:03:33 CDT 2010
symbolic-ref HEAD
Date: Tue Mar 16 13:03:34 CDT 2010
rev-parse --is-inside-git-dir
Date: Tue Mar 16 13:03:35 CDT 2010
rev-parse --is-inside-work-tree
Date: Tue Mar 16 13:03:36 CDT 2010
s
Date: Tue Mar 16 13:03:40 CDT 2010
symbolic-ref HEAD
Date: Tue Mar 16 13:03:41 CDT 2010
rev-parse --is-inside-git-dir
Date: Tue Mar 16 13:03:42 CDT 2010
rev-parse --is-inside-work-tree
Date: Tue Mar 16 13:03:42 CDT 2010
a .
Date: Tue Mar 16 13:03:44 CDT 2010
symbolic-ref HEAD
Date: Tue Mar 16 13:03:45 CDT 2010
rev-parse --is-inside-git-dir
Date: Tue Mar 16 13:03:46 CDT 2010
rev-parse --is-inside-work-tree
Date: Tue Mar 16 13:03:47 CDT 2010
aa
Date: Tue Mar 16 13:03:48 CDT 2010
symbolic-ref HEAD
Date: Tue Mar 16 13:03:50 CDT 2010
rev-parse --is-inside-git-dir
Date: Tue Mar 16 13:03:51 CDT 2010
rev-parse --is-inside-work-tree
Date: Tue Mar 16 13:03:53 CDT 2010
cw
Date: Tue Mar 16 13:04:54 CDT 2010
symbolic-ref HEAD
Date: Tue Mar 16 13:04:55 CDT 2010
rev-parse --is-inside-git-dir
Date: Tue Mar 16 13:04:56 CDT 2010
rev-parse --is-inside-work-tree
Date: Tue Mar 16 13:04:57 CDT 2010
c master
Date: Tue Mar 16 13:05:06 CDT 2010
symbolic-ref HEAD
Date: Tue Mar 16 13:05:08 CDT 2010
rev-parse --is-inside-git-dir
Date: Tue Mar 16 13:05:09 CDT 2010
rev-parse --is-inside-work-tree
Date: Tue Mar 16 13:05:10 CDT 2010
symbolic-ref HEAD
Date: Tue Mar 16 13:06:03 CDT 2010
rev-parse --is-inside-git-dir
Date: Tue Mar 16 13:06:04 CDT 2010
rev-parse --is-inside-work-tree
Date: Tue Mar 16 13:06:05 CDT 2010
symbolic-ref HEAD
Date: Tue Mar 16 13:06:36 CDT 2010
rev-parse --is-inside-git-dir
Date: Tue Mar 16 13:06:36 CDT 2010
rev-parse --is-inside-work-tree
Date: Tue Mar 16 13:06:38 CDT 2010
symbolic-ref HEAD
Date: Tue Mar 16 13:07:17 CDT 2010
rev-parse --is-inside-git-dir
Date: Tue Mar 16 13:07:18 CDT 2010
rev-parse --is-inside-work-tree
Date: Tue Mar 16 13:07:19 CDT 2010
symbolic-ref HEAD
Date: Tue Mar 16 13:08:52 CDT 2010
rev-parse --is-inside-git-dir
Date: Tue Mar 16 13:08:53 CDT 2010
rev-parse --is-inside-work-tree
Date: Tue Mar 16 13:08:54 CDT 2010
reset --hard HEAD^
Date: Tue Mar 16 13:09:06 CDT 2010
symbolic-ref HEAD
Date: Tue Mar 16 13:09:07 CDT 2010
rev-parse --is-inside-git-dir
Date: Tue Mar 16 13:09:07 CDT 2010
rev-parse --is-inside-work-tree
Date: Tue Mar 16 13:09:08 CDT 2010
symbolic-ref HEAD
Date: Tue Mar 16 13:09:31 CDT 2010
rev-parse --is-inside-git-dir
Date: Tue Mar 16 13:09:32 CDT 2010
rev-parse --is-inside-work-tree
Date: Tue Mar 16 13:09:33 CDT 2010
symbolic-ref HEAD
Date: Tue Mar 16 13:09:52 CDT 2010
rev-parse --is-inside-git-dir
Date: Tue Mar 16 13:09:53 CDT 2010
rev-parse --is-inside-work-tree
Date: Tue Mar 16 13:09:54 CDT 2010
--version
Date: Tue Mar 16 13:11:30 CDT 2010
symbolic-ref HEAD
Date: Tue Mar 16 13:11:31 CDT 2010
rev-parse --is-inside-git-dir
Date: Tue Mar 16 13:11:32 CDT 2010
rev-parse --is-inside-work-tree
Date: Tue Mar 16 13:11:33 CDT 2010
b
Date: Tue Mar 16 13:19:04 CDT 2010
symbolic-ref HEAD
Date: Tue Mar 16 13:19:05 CDT 2010
rev-parse --is-inside-git-dir
Date: Tue Mar 16 13:19:06 CDT 2010
rev-parse --is-inside-work-tree
Date: Tue Mar 16 13:19:07 CDT 2010
--git-dir=.git config --get alias.c
Date: Tue Mar 16 13:19:09 CDT 2010
c provider-associate
Date: Tue Mar 16 13:19:15 CDT 2010
symbolic-ref HEAD
Date: Tue Mar 16 13:19:16 CDT 2010
rev-parse --is-inside-git-dir
Date: Tue Mar 16 13:19:17 CDT 2010
rev-parse --is-inside-work-tree
Date: Tue Mar 16 13:19:18 CDT 2010
symbolic-ref HEAD
Date: Tue Mar 16 13:19:42 CDT 2010
rev-parse --is-inside-git-dir
Date: Tue Mar 16 13:19:43 CDT 2010
rev-parse --is-inside-work-tree
Date: Tue Mar 16 13:19:44 CDT 2010
symbolic-ref HEAD
Date: Tue Mar 16 13:25:06 CDT 2010
rev-parse --is-inside-git-dir
Date: Tue Mar 16 13:25:07 CDT 2010
rev-parse --is-inside-work-tree
Date: Tue Mar 16 13:25:08 CDT 2010
symbolic-ref HEAD
Date: Tue Mar 16 13:25:13 CDT 2010
rev-parse --is-inside-git-dir
Date: Tue Mar 16 13:25:14 CDT 2010
rev-parse --is-inside-work-tree
Date: Tue Mar 16 13:25:15 CDT 2010
symbolic-ref HEAD
Date: Tue Mar 16 13:25:19 CDT 2010
rev-parse --is-inside-git-dir
Date: Tue Mar 16 13:25:20 CDT 2010
rev-parse --is-inside-work-tree
Date: Tue Mar 16 13:25:21 CDT 2010
symbolic-ref HEAD
Date: Tue Mar 16 13:28:56 CDT 2010
rev-parse --is-inside-git-dir
Date: Tue Mar 16 13:28:57 CDT 2010
rev-parse --is-inside-work-tree
Date: Tue Mar 16 13:28:58 CDT 2010
symbolic-ref HEAD
Date: Tue Mar 16 13:36:33 CDT 2010
rev-parse --is-inside-git-dir
Date: Tue Mar 16 13:36:34 CDT 2010
rev-parse --is-inside-work-tree
Date: Tue Mar 16 13:36:35 CDT 2010
achievements --help
Date: Tue Mar 16 13:36:42 CDT 2010
symbolic-ref HEAD
Date: Tue Mar 16 13:36:43 CDT 2010
rev-parse --is-inside-git-dir
Date: Tue Mar 16 13:36:44 CDT 2010
rev-parse --is-inside-work-tree
Date: Tue Mar 16 13:36:45 CDT 2010
s
Date: Tue Mar 16 13:36:50 CDT 2010
symbolic-ref HEAD
Date: Tue Mar 16 13:36:51 CDT 2010
rev-parse --is-inside-git-dir
Date: Tue Mar 16 13:36:52 CDT 2010
rev-parse --is-inside-work-tree
Date: Tue Mar 16 13:36:53 CDT 2010
ll
Date: Tue Mar 16 13:36:55 CDT 2010
symbolic-ref HEAD
Date: Tue Mar 16 13:36:56 CDT 2010
rev-parse --is-inside-git-dir
Date: Tue Mar 16 13:36:57 CDT 2010
rev-parse --is-inside-work-tree
Date: Tue Mar 16 13:36:58 CDT 2010
log
Date: Tue Mar 16 13:37:02 CDT 2010
symbolic-ref HEAD
Date: Tue Mar 16 13:37:05 CDT 2010
rev-parse --is-inside-git-dir
Date: Tue Mar 16 13:37:06 CDT 2010
rev-parse --is-inside-work-tree
Date: Tue Mar 16 13:37:07 CDT 2010
push origin
Date: Tue Mar 16 13:37:20 CDT 2010
symbolic-ref HEAD
Date: Tue Mar 16 13:37:22 CDT 2010
rev-parse --is-inside-git-dir
Date: Tue Mar 16 13:37:23 CDT 2010
rev-parse --is-inside-work-tree
Date: Tue Mar 16 13:37:24 CDT 2010
status
Date: Tue Mar 16 13:37:35 CDT 2010
symbolic-ref HEAD
Date: Tue Mar 16 13:37:36 CDT 2010
rev-parse --is-inside-git-dir
Date: Tue Mar 16 13:37:36 CDT 2010
rev-parse --is-inside-work-tree
Date: Tue Mar 16 13:37:38 CDT 2010
symbolic-ref HEAD
Date: Tue Mar 16 13:37:42 CDT 2010
rev-parse --is-inside-git-dir
Date: Tue Mar 16 13:37:43 CDT 2010
rev-parse --is-inside-work-tree
Date: Tue Mar 16 13:37:44 CDT 2010
symbolic-ref HEAD
Date: Tue Mar 16 13:37:49 CDT 2010
rev-parse --is-inside-git-dir
Date: Tue Mar 16 13:37:50 CDT 2010
rev-parse --is-inside-work-tree
Date: Tue Mar 16 13:37:52 CDT 2010
help log
Date: Tue Mar 16 13:37:55 CDT 2010
symbolic-ref HEAD
Date: Tue Mar 16 13:37:57 CDT 2010
rev-parse --is-inside-git-dir
Date: Tue Mar 16 13:37:57 CDT 2010
rev-parse --is-inside-work-tree
Date: Tue Mar 16 13:37:59 CDT 2010
clone git://repo.or.cz/msysgit.git
Date: Tue Mar 16 13:38:22 CDT 2010
symbolic-ref HEAD
Date: Tue Mar 16 13:41:14 CDT 2010
rev-parse --is-inside-git-dir
Date: Tue Mar 16 13:41:15 CDT 2010
rev-parse --is-inside-work-tree
Date: Tue Mar 16 13:41:16 CDT 2010
symbolic-ref HEAD
Date: Tue Mar 16 13:41:29 CDT 2010
rev-parse --is-inside-git-dir
Date: Tue Mar 16 13:41:30 CDT 2010
rev-parse --is-inside-work-tree
Date: Tue Mar 16 13:41:31 CDT 2010
symbolic-ref HEAD
Date: Tue Mar 16 13:41:39 CDT 2010
rev-parse --is-inside-git-dir
Date: Tue Mar 16 13:41:40 CDT 2010
rev-parse --is-inside-work-tree
Date: Tue Mar 16 13:41:41 CDT 2010
symbolic-ref HEAD
Date: Tue Mar 16 13:41:50 CDT 2010
rev-parse --is-inside-git-dir
Date: Tue Mar 16 13:41:51 CDT 2010
rev-parse --is-inside-work-tree
Date: Tue Mar 16 13:41:52 CDT 2010
symbolic-ref HEAD
Date: Tue Mar 16 13:41:58 CDT 2010
rev-parse --is-inside-git-dir
Date: Tue Mar 16 13:41:59 CDT 2010
rev-parse --is-inside-work-tree
Date: Tue Mar 16 13:42:00 CDT 2010
remote
Date: Tue Mar 16 13:42:04 CDT 2010
symbolic-ref HEAD
Date: Tue Mar 16 13:42:04 CDT 2010
rev-parse --is-inside-git-dir
Date: Tue Mar 16 13:42:05 CDT 2010
rev-parse --is-inside-work-tree
Date: Tue Mar 16 13:42:06 CDT 2010
symbolic-ref HEAD
Date: Tue Mar 16 13:42:27 CDT 2010
rev-parse --is-inside-git-dir
Date: Tue Mar 16 13:42:28 CDT 2010
rev-parse --is-inside-work-tree
Date: Tue Mar 16 13:42:28 CDT 2010
symbolic-ref HEAD
Date: Tue Mar 16 13:43:54 CDT 2010
rev-parse --is-inside-git-dir
Date: Tue Mar 16 13:43:55 CDT 2010
rev-parse --is-inside-work-tree
Date: Tue Mar 16 13:43:56 CDT 2010
branch -r
Date: Tue Mar 16 13:45:07 CDT 2010
symbolic-ref HEAD
Date: Tue Mar 16 13:45:08 CDT 2010
rev-parse --is-inside-git-dir
Date: Tue Mar 16 13:45:09 CDT 2010
rev-parse --is-inside-work-tree
Date: Tue Mar 16 13:45:10 CDT 2010
symbolic-ref HEAD
Date: Tue Mar 16 13:45:17 CDT 2010
rev-parse --is-inside-git-dir
Date: Tue Mar 16 13:45:18 CDT 2010
rev-parse --is-inside-work-tree
Date: Tue Mar 16 13:45:19 CDT 2010
fetch origin devel
Date: Tue Mar 16 13:45:26 CDT 2010
symbolic-ref HEAD
Date: Tue Mar 16 13:45:28 CDT 2010
rev-parse --is-inside-git-dir
Date: Tue Mar 16 13:45:29 CDT 2010
rev-parse --is-inside-work-tree
Date: Tue Mar 16 13:45:29 CDT 2010
c devel
Date: Tue Mar 16 13:45:36 CDT 2010
symbolic-ref HEAD
Date: Tue Mar 16 13:45:37 CDT 2010
rev-parse --is-inside-git-dir
Date: Tue Mar 16 13:45:38 CDT 2010
rev-parse --is-inside-work-tree
Date: Tue Mar 16 13:45:39 CDT 2010
symbolic-ref HEAD
Date: Tue Mar 16 13:47:14 CDT 2010
rev-parse --is-inside-git-dir
Date: Tue Mar 16 13:47:15 CDT 2010
rev-parse --is-inside-work-tree
Date: Tue Mar 16 13:47:16 CDT 2010
vf
Date: Tue Mar 16 13:47:50 CDT 2010
symbolic-ref HEAD
Date: Tue Mar 16 13:47:51 CDT 2010
rev-parse --is-inside-git-dir
Date: Tue Mar 16 13:47:52 CDT 2010
rev-parse --is-inside-work-tree
Date: Tue Mar 16 13:47:53 CDT 2010
ll
Date: Tue Mar 16 13:49:29 CDT 2010
symbolic-ref HEAD
Date: Tue Mar 16 13:49:30 CDT 2010
rev-parse --is-inside-git-dir
Date: Tue Mar 16 13:49:31 CDT 2010
rev-parse --is-inside-work-tree
Date: Tue Mar 16 13:49:32 CDT 2010
vr
Date: Tue Mar 16 13:49:56 CDT 2010
symbolic-ref HEAD
Date: Tue Mar 16 13:49:57 CDT 2010
rev-parse --is-inside-git-dir
Date: Tue Mar 16 13:49:58 CDT 2010
rev-parse --is-inside-work-tree
Date: Tue Mar 16 13:49:59 CDT 2010
s
Date: Tue Mar 16 13:50:11 CDT 2010
symbolic-ref HEAD
Date: Tue Mar 16 13:50:12 CDT 2010
rev-parse --is-inside-git-dir
Date: Tue Mar 16 13:50:13 CDT 2010
rev-parse --is-inside-work-tree
Date: Tue Mar 16 13:50:14 CDT 2010
log
Date: Tue Mar 16 13:50:36 CDT 2010
symbolic-ref HEAD
Date: Tue Mar 16 13:50:38 CDT 2010
rev-parse --is-inside-git-dir
Date: Tue Mar 16 13:50:39 CDT 2010
rev-parse --is-inside-work-tree
Date: Tue Mar 16 13:50:40 CDT 2010
symbolic-ref HEAD
Date: Tue Mar 16 13:51:11 CDT 2010
rev-parse --is-inside-git-dir
Date: Tue Mar 16 13:51:12 CDT 2010
rev-parse --is-inside-work-tree
Date: Tue Mar 16 13:51:12 CDT 2010
reset --soft HEAD^
Date: Tue Mar 16 13:51:20 CDT 2010
symbolic-ref HEAD
Date: Tue Mar 16 13:51:20 CDT 2010
rev-parse --is-inside-git-dir
Date: Tue Mar 16 13:51:21 CDT 2010
rev-parse --is-inside-work-tree
Date: Tue Mar 16 13:51:22 CDT 2010
s
Date: Tue Mar 16 13:51:27 CDT 2010
symbolic-ref HEAD
Date: Tue Mar 16 13:51:28 CDT 2010
rev-parse --is-inside-git-dir
Date: Tue Mar 16 13:51:29 CDT 2010
rev-parse --is-inside-work-tree
Date: Tue Mar 16 13:51:30 CDT 2010
achievements
Date: Tue Mar 16 13:51:38 CDT 2010
symbolic-ref HEAD
Date: Tue Mar 16 13:51:39 CDT 2010
rev-parse --is-inside-git-dir
Date: Tue Mar 16 13:51:40 CDT 2010
rev-parse --is-inside-work-tree
Date: Tue Mar 16 13:51:41 CDT 2010
achievements -l
Date: Tue Mar 16 13:51:44 CDT 2010
symbolic-ref HEAD
Date: Tue Mar 16 13:51:45 CDT 2010
rev-parse --is-inside-git-dir
Date: Tue Mar 16 13:51:46 CDT 2010
rev-parse --is-inside-work-tree
Date: Tue Mar 16 13:51:47 CDT 2010
achievements -l
Date: Tue Mar 16 13:51:52 CDT 2010
symbolic-ref HEAD
Date: Tue Mar 16 13:51:53 CDT 2010
rev-parse --is-inside-git-dir
Date: Tue Mar 16 13:51:54 CDT 2010
rev-parse --is-inside-work-tree
Date: Tue Mar 16 13:51:54 CDT 2010
achievements -p
Date: Tue Mar 16 13:52:22 CDT 2010
symbolic-ref HEAD
Date: Tue Mar 16 13:52:23 CDT 2010
rev-parse --is-inside-git-dir
Date: Tue Mar 16 13:52:24 CDT 2010
rev-parse --is-inside-work-tree
Date: Tue Mar 16 13:52:25 CDT 2010
status
Date: Tue Mar 16 13:52:32 CDT 2010
symbolic-ref HEAD
Date: Tue Mar 16 13:52:33 CDT 2010
rev-parse --is-inside-git-dir
Date: Tue Mar 16 13:52:34 CDT 2010
rev-parse --is-inside-work-tree
Date: Tue Mar 16 13:52:35 CDT 2010
init
Date: Tue Mar 16 13:53:18 CDT 2010
symbolic-ref HEAD
Date: Tue Mar 16 13:53:20 CDT 2010
rev-parse --is-inside-git-dir
Date: Tue Mar 16 13:53:20 CDT 2010
rev-parse --is-inside-work-tree
Date: Tue Mar 16 13:53:21 CDT 2010
symbolic-ref HEAD
Date: Tue Mar 16 13:53:41 CDT 2010
rev-parse --is-inside-git-dir
Date: Tue Mar 16 13:53:42 CDT 2010
rev-parse --is-inside-work-tree
Date: Tue Mar 16 13:53:43 CDT 2010
init
Date: Tue Mar 16 13:54:37 CDT 2010
symbolic-ref HEAD
Date: Tue Mar 16 13:55:04 CDT 2010
rev-parse --is-inside-git-dir
Date: Tue Mar 16 13:55:05 CDT 2010
rev-parse --is-inside-work-tree
Date: Tue Mar 16 13:55:06 CDT 2010
symbolic-ref HEAD
Date: Tue Mar 16 14:02:44 CDT 2010
rev-parse --is-inside-git-dir
Date: Tue Mar 16 14:02:45 CDT 2010
rev-parse --is-inside-work-tree
Date: Tue Mar 16 14:02:45 CDT 2010
ll
Date: Tue Mar 16 14:02:52 CDT 2010
symbolic-ref HEAD
Date: Tue Mar 16 14:02:53 CDT 2010
rev-parse --is-inside-git-dir
Date: Tue Mar 16 14:02:54 CDT 2010
rev-parse --is-inside-work-tree
Date: Tue Mar 16 14:02:55 CDT 2010
s
Date: Tue Mar 16 14:02:59 CDT 2010
symbolic-ref HEAD
Date: Tue Mar 16 14:03:00 CDT 2010
rev-parse --is-inside-git-dir
Date: Tue Mar 16 14:03:02 CDT 2010
rev-parse --is-inside-work-tree
Date: Tue Mar 16 14:03:03 CDT 2010
symbolic-ref HEAD
Date: Tue Mar 16 15:19:41 CDT 2010
rev-parse --is-inside-git-dir
Date: Tue Mar 16 15:19:42 CDT 2010
rev-parse --is-inside-work-tree
Date: Tue Mar 16 15:19:43 CDT 2010
symbolic-ref HEAD
Date: Tue Mar 16 15:19:47 CDT 2010
rev-parse --is-inside-git-dir
Date: Tue Mar 16 15:19:47 CDT 2010
rev-parse --is-inside-work-tree
Date: Tue Mar 16 15:19:48 CDT 2010
symbolic-ref HEAD
Date: Tue Mar 16 15:19:49 CDT 2010
rev-parse --is-inside-git-dir
Date: Tue Mar 16 15:19:50 CDT 2010
rev-parse --is-inside-work-tree
Date: Tue Mar 16 15:19:51 CDT 2010
s
Date: Tue Mar 16 15:19:52 CDT 2010
symbolic-ref HEAD
Date: Tue Mar 16 15:19:53 CDT 2010
rev-parse --is-inside-git-dir
Date: Tue Mar 16 15:19:54 CDT 2010
rev-parse --is-inside-work-tree
Date: Tue Mar 16 15:19:55 CDT 2010
add .
Date: Tue Mar 16 15:20:04 CDT 2010
symbolic-ref HEAD
Date: Tue Mar 16 15:20:06 CDT 2010
rev-parse --is-inside-git-dir
Date: Tue Mar 16 15:20:07 CDT 2010
rev-parse --is-inside-work-tree
Date: Tue Mar 16 15:20:07 CDT 2010
status
Date: Tue Mar 16 15:20:11 CDT 2010
symbolic-ref HEAD
Date: Tue Mar 16 15:20:12 CDT 2010
rev-parse --is-inside-git-dir
Date: Tue Mar 16 15:20:13 CDT 2010
rev-parse --is-inside-work-tree
Date: Tue Mar 16 15:20:14 CDT 2010
cm Added git-achievements files to common config
Date: Tue Mar 16 15:20:36 CDT 2010
symbolic-ref HEAD
Date: Tue Mar 16 15:20:37 CDT 2010
rev-parse --is-inside-git-dir
Date: Tue Mar 16 15:20:38 CDT 2010
rev-parse --is-inside-work-tree
Date: Tue Mar 16 15:20:39 CDT 2010
symbolic-ref HEAD
Date: Tue Mar 16 15:20:49 CDT 2010
rev-parse --is-inside-git-dir
Date: Tue Mar 16 15:20:50 CDT 2010
rev-parse --is-inside-work-tree
Date: Tue Mar 16 15:20:51 CDT 2010
fetch origin
Date: Tue Mar 16 15:21:03 CDT 2010
symbolic-ref HEAD
Date: Tue Mar 16 15:21:27 CDT 2010
rev-parse --is-inside-git-dir
Date: Tue Mar 16 15:21:27 CDT 2010
rev-parse --is-inside-work-tree
Date: Tue Mar 16 15:21:28 CDT 2010
s
Date: Tue Mar 16 15:22:04 CDT 2010
symbolic-ref HEAD
Date: Tue Mar 16 15:22:05 CDT 2010
rev-parse --is-inside-git-dir
Date: Tue Mar 16 15:22:06 CDT 2010
rev-parse --is-inside-work-tree
Date: Tue Mar 16 15:22:07 CDT 2010
